0 info it worked if it ends with ok
1 verbose cli [ '/usr/local/bin/node',
1 verbose cli   '/usr/local/bin/npm',
1 verbose cli   'install',
1 verbose cli   'bootstrap@3' ]
2 info using npm@3.10.10
3 info using node@v6.11.0
4 silly loadCurrentTree Starting
5 silly install loadCurrentTree
6 silly install readLocalPackageData
7 silly fetchPackageMetaData bootstrap@3
8 silly fetchNamedPackageData bootstrap
9 silly mapToRegistry name bootstrap
10 silly mapToRegistry using default registry
11 silly mapToRegistry registry https://registry.npmjs.org/
12 silly mapToRegistry data Result {
12 silly mapToRegistry   raw: 'bootstrap',
12 silly mapToRegistry   scope: null,
12 silly mapToRegistry   escapedName: 'bootstrap',
12 silly mapToRegistry   name: 'bootstrap',
12 silly mapToRegistry   rawSpec: '',
12 silly mapToRegistry   spec: 'latest',
12 silly mapToRegistry   type: 'tag' }
13 silly mapToRegistry uri https://registry.npmjs.org/bootstrap
14 verbose request uri https://registry.npmjs.org/bootstrap
15 verbose request no auth needed
16 info attempt registry request try #1 at 20:28:12
17 verbose request id 1ed4c855ee86a866
18 http request GET https://registry.npmjs.org/bootstrap
19 http 200 https://registry.npmjs.org/bootstrap
20 verbose headers { server: 'nginx/1.10.1',
20 verbose headers   'content-type': 'application/json',
20 verbose headers   'last-modified': 'Fri, 23 Jun 2017 13:21:04 GMT',
20 verbose headers   etag: 'W/"594d15c0-c781"',
20 verbose headers   'content-encoding': 'gzip',
20 verbose headers   'cache-control': 'max-age=300',
20 verbose headers   'content-length': '9853',
20 verbose headers   'accept-ranges': 'bytes',
20 verbose headers   date: 'Sun, 25 Jun 2017 12:28:10 GMT',
20 verbose headers   via: '1.1 varnish',
20 verbose headers   age: '150',
20 verbose headers   connection: 'keep-alive',
20 verbose headers   'x-served-by': 'cache-ams4136-AMS',
20 verbose headers   'x-cache': 'HIT',
20 verbose headers   'x-cache-hits': '1',
20 verbose headers   'x-timer': 'S1498393691.912514,VS0,VE0',
20 verbose headers   vary: 'Accept-Encoding' }
21 silly get cb [ 200,
21 silly get   { server: 'nginx/1.10.1',
21 silly get     'content-type': 'application/json',
21 silly get     'last-modified': 'Fri, 23 Jun 2017 13:21:04 GMT',
21 silly get     etag: 'W/"594d15c0-c781"',
21 silly get     'content-encoding': 'gzip',
21 silly get     'cache-control': 'max-age=300',
21 silly get     'content-length': '9853',
21 silly get     'accept-ranges': 'bytes',
21 silly get     date: 'Sun, 25 Jun 2017 12:28:10 GMT',
21 silly get     via: '1.1 varnish',
21 silly get     age: '150',
21 silly get     connection: 'keep-alive',
21 silly get     'x-served-by': 'cache-ams4136-AMS',
21 silly get     'x-cache': 'HIT',
21 silly get     'x-cache-hits': '1',
21 silly get     'x-timer': 'S1498393691.912514,VS0,VE0',
21 silly get     vary: 'Accept-Encoding' } ]
22 verbose get saving bootstrap to /Users/lzh/.npm/registry.npmjs.org/bootstrap/.cache.json
23 verbose correctMkdir /Users/lzh/.npm correctMkdir not in flight; initializing
24 verbose makeDirectory /Users/lzh/.npm creation not in flight; initializing
25 silly makeDirectory /Users/lzh/.npm uid: 501 gid: 20
26 silly install normalizeTree
27 silly loadCurrentTree Finishing
28 silly loadIdealTree Starting
29 silly install loadIdealTree
30 silly cloneCurrentTree Starting
31 silly install cloneCurrentTreeToIdealTree
32 silly cloneCurrentTree Finishing
33 silly loadShrinkwrap Starting
34 silly install loadShrinkwrap
35 silly loadShrinkwrap Finishing
36 silly loadAllDepsIntoIdealTree Starting
37 silly install loadAllDepsIntoIdealTree
38 silly resolveWithNewModule bootstrap@3.3.7 checking installable status
39 silly cache add args [ 'bootstrap@3', null ]
40 verbose cache add spec bootstrap@3
41 silly cache add parsed spec Result {
41 silly cache add   raw: 'bootstrap@3',
41 silly cache add   scope: null,
41 silly cache add   escapedName: 'bootstrap',
41 silly cache add   name: 'bootstrap',
41 silly cache add   rawSpec: '3',
41 silly cache add   spec: '>=3.0.0 <4.0.0',
41 silly cache add   type: 'range' }
42 silly addNamed bootstrap@>=3.0.0 <4.0.0
43 verbose addNamed ">=3.0.0 <4.0.0" is a valid semver range for bootstrap
44 silly addNameRange { name: 'bootstrap', range: '>=3.0.0 <4.0.0', hasData: false }
45 silly mapToRegistry name bootstrap
46 silly mapToRegistry using default registry
47 silly mapToRegistry registry https://registry.npmjs.org/
48 silly mapToRegistry data Result {
48 silly mapToRegistry   raw: 'bootstrap',
48 silly mapToRegistry   scope: null,
48 silly mapToRegistry   escapedName: 'bootstrap',
48 silly mapToRegistry   name: 'bootstrap',
48 silly mapToRegistry   rawSpec: '',
48 silly mapToRegistry   spec: 'latest',
48 silly mapToRegistry   type: 'tag' }
49 silly mapToRegistry uri https://registry.npmjs.org/bootstrap
50 verbose addNameRange registry:https://registry.npmjs.org/bootstrap not in flight; fetching
51 verbose get https://registry.npmjs.org/bootstrap not expired, no request
52 silly addNameRange number 2 { name: 'bootstrap', range: '>=3.0.0 <4.0.0', hasData: true }
53 silly addNameRange versions [ 'bootstrap',
53 silly addNameRange   [ '0.0.1',
53 silly addNameRange     '0.0.2',
53 silly addNameRange     '3.1.1',
53 silly addNameRange     '3.2.0',
53 silly addNameRange     '3.3.0',
53 silly addNameRange     '3.3.1',
53 silly addNameRange     '3.3.2',
53 silly addNameRange     '3.3.4',
53 silly addNameRange     '3.3.5',
53 silly addNameRange     '3.3.6',
53 silly addNameRange     '4.0.0-alpha.2',
53 silly addNameRange     '3.3.7',
53 silly addNameRange     '4.0.0-alpha.3',
53 silly addNameRange     '4.0.0-alpha.4',
53 silly addNameRange     '4.0.0-alpha.5',
53 silly addNameRange     '4.0.0-alpha.6' ] ]
54 silly addNamed bootstrap@3.3.7
55 verbose addNamed "3.3.7" is a plain semver version for bootstrap
56 silly mapToRegistry name bootstrap
57 silly mapToRegistry using default registry
58 silly mapToRegistry registry https://registry.npmjs.org/
59 silly mapToRegistry data Result {
59 silly mapToRegistry   raw: 'bootstrap',
59 silly mapToRegistry   scope: null,
59 silly mapToRegistry   escapedName: 'bootstrap',
59 silly mapToRegistry   name: 'bootstrap',
59 silly mapToRegistry   rawSpec: '',
59 silly mapToRegistry   spec: 'latest',
59 silly mapToRegistry   type: 'tag' }
60 silly mapToRegistry uri https://registry.npmjs.org/bootstrap
61 verbose addRemoteTarball https://registry.npmjs.org/bootstrap/-/bootstrap-3.3.7.tgz not in flight; adding
62 verbose addRemoteTarball [ 'https://registry.npmjs.org/bootstrap/-/bootstrap-3.3.7.tgz',
62 verbose addRemoteTarball   '5a389394549f23330875a3b150656574f8a9eb71' ]
63 info retry fetch attempt 1 at 20:28:20
64 info attempt registry request try #1 at 20:28:20
65 http fetch GET https://registry.npmjs.org/bootstrap/-/bootstrap-3.3.7.tgz
66 http fetch 200 https://registry.npmjs.org/bootstrap/-/bootstrap-3.3.7.tgz
67 silly fetchAndShaCheck shasum 5a389394549f23330875a3b150656574f8a9eb71
68 silly rollbackFailedOptional Starting
69 silly rollbackFailedOptional Finishing
70 silly runTopLevelLifecycles Finishing
71 silly install printInstalled
72 verbose stack Error: shasum check failed for /var/folders/7z/cx2ty8094hb28g3cxt87sk1c0000gn/T/npm-29633-14679d0c/registry.npmjs.org/bootstrap/-/bootstrap-3.3.7.tgz
72 verbose stack Expected: 5a389394549f23330875a3b150656574f8a9eb71
72 verbose stack Actual:   09b90232890e91c87d79878e88f662a2c3727fa5
72 verbose stack From:     https://registry.npmjs.org/bootstrap/-/bootstrap-3.3.7.tgz
72 verbose stack     at /usr/local/lib/node_modules/npm/node_modules/sha/index.js:25:8
72 verbose stack     at ReadStream.<anonymous> (/usr/local/lib/node_modules/npm/node_modules/sha/index.js:72:7)
72 verbose stack     at emitNone (events.js:91:20)
72 verbose stack     at ReadStream.emit (events.js:185:7)
72 verbose stack     at endReadableNT (_stream_readable.js:974:12)
72 verbose stack     at _combinedTickCallback (internal/process/next_tick.js:80:11)
72 verbose stack     at process._tickCallback (internal/process/next_tick.js:104:9)
73 verbose cwd /Users/lzh/Desktop/Python/my_blog
74 error Darwin 16.5.0
75 error argv "/usr/local/bin/node" "/usr/local/bin/npm" "install" "bootstrap@3"
76 error node v6.11.0
77 error npm  v3.10.10
78 error shasum check failed for /var/folders/7z/cx2ty8094hb28g3cxt87sk1c0000gn/T/npm-29633-14679d0c/registry.npmjs.org/bootstrap/-/bootstrap-3.3.7.tgz
78 error Expected: 5a389394549f23330875a3b150656574f8a9eb71
78 error Actual:   09b90232890e91c87d79878e88f662a2c3727fa5
78 error From:     https://registry.npmjs.org/bootstrap/-/bootstrap-3.3.7.tgz
79 error If you need help, you may report this error at:
79 error     <https://github.com/npm/npm/issues>
80 verbose exit [ 1, true ]
